------------------------------------------------------------------------------------------------------------------------

[2014-03-14 14:52:29 #1 store] 
Database '/home/afng/workspace-clube-do-pao/clube_do_pao/WebContent/WEB-INF/db/points.odb' is opened by 6086@afng-System-Product-Name

[2014-03-14 14:52:30 #2 type.registry] 
New type br.com.grupo.pao.domain.LoginBean

[2014-03-14 14:52:30 #3 type] 
Type br.com.grupo.pao.domain.LoginBean is not enhanced.

------------------------------------------------------------------------------------------------------------------------

[2014-03-14 14:57:06 #1 store] 
Database '/home/afng/workspace-clube-do-pao/clube_do_pao/WebContent/WEB-INF/db/points.odb' has been recovered (tr. 1-3)

[2014-03-14 14:57:06 #2 store] 
Database '/home/afng/workspace-clube-do-pao/clube_do_pao/WebContent/WEB-INF/db/points.odb' is opened by 6237@afng-System-Product-Name

[2014-03-14 14:57:06 #3 type] 
Type br.com.grupo.pao.domain.LoginBean is not enhanced.

[2014-03-14 14:57:06 #4 type.registry] 
New type br.com.grupo.pao.domain.MemberBean

[2014-03-14 14:57:06 #5 type] 
Type br.com.grupo.pao.domain.MemberBean is not enhanced.

------------------------------------------------------------------------------------------------------------------------

[2014-03-14 14:59:16 #1 store] 
Database '/home/afng/workspace-clube-do-pao/clube_do_pao/WebContent/WEB-INF/db/points.odb' has been recovered (tr. 4-5)

[2014-03-14 14:59:17 #2 store] 
Database '/home/afng/workspace-clube-do-pao/clube_do_pao/WebContent/WEB-INF/db/points.odb' is opened by 6280@afng-System-Product-Name

[2014-03-14 14:59:17 #3 type] 
Type br.com.grupo.pao.domain.LoginBean is not enhanced.

[2014-03-14 14:59:17 #4 type] 
Type br.com.grupo.pao.domain.MemberBean is not enhanced.

------------------------------------------------------------------------------------------------------------------------

[2014-03-14 15:04:08 #1 store] 
Database '/home/afng/workspace-clube-do-pao/clube_do_pao/WebContent/WEB-INF/db/points.odb' has been recovered (tr. 6-6)

[2014-03-14 15:04:08 #2 store] 
Database '/home/afng/workspace-clube-do-pao/clube_do_pao/WebContent/WEB-INF/db/points.odb' is opened by 6452@afng-System-Product-Name

[2014-03-14 15:04:09 #3 type] 
Type br.com.grupo.pao.domain.LoginBean is not enhanced.

[2014-03-14 15:04:09 #4 type] 
Type br.com.grupo.pao.domain.MemberBean is not enhanced.

[2014-03-14 15:04:09 #5 type.registry] 
New type br.com.grupo.pao.domain.ScheduleMemberBean

[2014-03-14 15:04:09 #6 type] 
Type br.com.grupo.pao.domain.ScheduleMemberBean is not enhanced.

------------------------------------------------------------------------------------------------------------------------

[2014-03-14 15:05:28 #1 store] 
Database '/home/afng/workspace-clube-do-pao/clube_do_pao/WebContent/WEB-INF/db/points.odb' has been recovered (tr. 7-8)

[2014-03-14 15:05:28 #2 store] 
Database '/home/afng/workspace-clube-do-pao/clube_do_pao/WebContent/WEB-INF/db/points.odb' is opened by 6510@afng-System-Product-Name

[2014-03-14 15:05:28 #3 type] 
Type br.com.grupo.pao.domain.LoginBean is not enhanced.

[2014-03-14 15:05:28 #4 type] 
Type br.com.grupo.pao.domain.MemberBean is not enhanced.

[2014-03-14 15:05:28 #5 type] 
Type br.com.grupo.pao.domain.ScheduleMemberBean is not enhanced.

------------------------------------------------------------------------------------------------------------------------

[2014-03-14 15:09:05 #1 store] 
Database '/home/afng/workspace-clube-do-pao/clube_do_pao/WebContent/WEB-INF/db/points.odb' is opened by 6647@afng-System-Product-Name

[2014-03-14 15:09:05 #2 type] 
Type br.com.grupo.pao.domain.LoginBean is not enhanced.

[2014-03-14 15:09:05 #3 type] 
Type br.com.grupo.pao.domain.MemberBean is not enhanced.

[2014-03-14 15:09:05 #4 type] 
Type br.com.grupo.pao.domain.ScheduleMemberBean is not enhanced.

------------------------------------------------------------------------------------------------------------------------

[2014-03-14 15:09:52 #1 store] 
Database '/home/afng/workspace-clube-do-pao/clube_do_pao/WebContent/WEB-INF/db/points.odb' is opened by 6701@afng-System-Product-Name

[2014-03-14 15:09:52 #2 type] 
Type br.com.grupo.pao.domain.LoginBean is not enhanced.

[2014-03-14 15:09:52 #3 type] 
Type br.com.grupo.pao.domain.MemberBean is not enhanced.

[2014-03-14 15:09:52 #4 type] 
Type br.com.grupo.pao.domain.ScheduleMemberBean is not enhanced.

------------------------------------------------------------------------------------------------------------------------

[2014-03-14 15:13:08 #1 store] 
Database '/home/afng/workspace-clube-do-pao/clube_do_pao/WebContent/WEB-INF/db/points.odb' is opened by 6842@afng-System-Product-Name

[2014-03-14 15:13:08 #2 type] 
Type br.com.grupo.pao.domain.LoginBean is not enhanced.

[2014-03-14 15:13:08 #3 type] 
Type br.com.grupo.pao.domain.MemberBean is not enhanced.

[2014-03-14 15:13:08 #4 type] 
Type br.com.grupo.pao.domain.ScheduleMemberBean is not enhanced.

------------------------------------------------------------------------------------------------------------------------

[2014-03-14 15:14:00 #1 store] 
Database '/home/afng/workspace-clube-do-pao/clube_do_pao/WebContent/WEB-INF/db/points.odb' is opened by 6892@afng-System-Product-Name

[2014-03-14 15:14:01 #2 type] 
Type br.com.grupo.pao.domain.LoginBean is not enhanced.

[2014-03-14 15:14:01 #3 type] 
Type br.com.grupo.pao.domain.MemberBean is not enhanced.

[2014-03-14 15:14:01 #4 type] 
Type br.com.grupo.pao.domain.ScheduleMemberBean is not enhanced.

------------------------------------------------------------------------------------------------------------------------

[2014-03-14 15:14:20 #1 store] 
Database '/home/afng/workspace-clube-do-pao/clube_do_pao/WebContent/WEB-INF/db/points.odb' is opened by 6922@afng-System-Product-Name

[2014-03-14 15:14:20 #2 type] 
Type br.com.grupo.pao.domain.LoginBean is not enhanced.

[2014-03-14 15:14:20 #3 type] 
Type br.com.grupo.pao.domain.MemberBean is not enhanced.

[2014-03-14 15:14:20 #4 type] 
Type br.com.grupo.pao.domain.ScheduleMemberBean is not enhanced.

